<?xml version="1.0" encoding="UTF-8"?>
<testng-results skipped="0" failed="0" ignored="0" total="3" passed="3">
  <reporter-output>
  </reporter-output>
  <suite name="Default suite" duration-ms="42" started-at="2021-08-04T08:54:45 IST" finished-at="2021-08-04T08:54:45 IST">
    <groups>
    </groups>
    <test name="Default test" duration-ms="42" started-at="2021-08-04T08:54:45 IST" finished-at="2021-08-04T08:54:45 IST">
      <class name="testngclass.pckg.TestngDemoTest1">
        <test-method status="PASS" signature="beforeSuite()[pri:0, instance:testngclass.pckg.TestngDemoTest1@1a8a8f7c]" name="beforeSuite" is-config="true" duration-ms="6" started-at="2021-08-04T08:54:45 IST" finished-at="2021-08-04T08:54:45 IST">
          <reporter-output>
          </reporter-output>
        </test-method> <!-- beforeSuite -->
        <test-method status="PASS" signature="beforeTest()[pri:0, instance:testngclass.pckg.TestngDemoTest1@1a8a8f7c]" name="beforeTest" is-config="true" duration-ms="0" started-at="2021-08-04T08:54:45 IST" finished-at="2021-08-04T08:54:45 IST">
          <reporter-output>
          </reporter-output>
        </test-method> <!-- beforeTest -->
        <test-method status="PASS" signature="beforeClass()[pri:0, instance:testngclass.pckg.TestngDemoTest1@1a8a8f7c]" name="beforeClass" is-config="true" duration-ms="0" started-at="2021-08-04T08:54:45 IST" finished-at="2021-08-04T08:54:45 IST">
          <reporter-output>
          </reporter-output>
        </test-method> <!-- beforeClass -->
        <test-method status="PASS" signature="beforeMethod()[pri:0, instance:testngclass.pckg.TestngDemoTest1@1a8a8f7c]" name="beforeMethod" is-config="true" duration-ms="0" started-at="2021-08-04T08:54:45 IST" finished-at="2021-08-04T08:54:45 IST">
          <reporter-output>
          </reporter-output>
        </test-method> <!-- beforeMethod -->
        <test-method status="PASS" signature="f()[pri:0, instance:testngclass.pckg.TestngDemoTest1@1a8a8f7c]" name="f" duration-ms="6" started-at="2021-08-04T08:54:45 IST" finished-at="2021-08-04T08:54:45 IST">
          <reporter-output>
          </reporter-output>
        </test-method> <!-- f -->
        <test-method status="PASS" signature="afterMethod()[pri:0, instance:testngclass.pckg.TestngDemoTest1@1a8a8f7c]" name="afterMethod" is-config="true" duration-ms="0" started-at="2021-08-04T08:54:45 IST" finished-at="2021-08-04T08:54:45 IST">
          <reporter-output>
          </reporter-output>
        </test-method> <!-- afterMethod -->
        <test-method status="PASS" signature="beforeMethod()[pri:0, instance:testngclass.pckg.TestngDemoTest1@1a8a8f7c]" name="beforeMethod" is-config="true" duration-ms="1" started-at="2021-08-04T08:54:45 IST" finished-at="2021-08-04T08:54:45 IST">
          <reporter-output>
          </reporter-output>
        </test-method> <!-- beforeMethod -->
        <test-method status="PASS" signature="testOne()[pri:0, instance:testngclass.pckg.TestngDemoTest1@1a8a8f7c]" name="testOne" duration-ms="1" started-at="2021-08-04T08:54:45 IST" finished-at="2021-08-04T08:54:45 IST">
          <reporter-output>
          </reporter-output>
        </test-method> <!-- testOne -->
        <test-method status="PASS" signature="afterMethod()[pri:0, instance:testngclass.pckg.TestngDemoTest1@1a8a8f7c]" name="afterMethod" is-config="true" duration-ms="1" started-at="2021-08-04T08:54:45 IST" finished-at="2021-08-04T08:54:45 IST">
          <reporter-output>
          </reporter-output>
        </test-method> <!-- afterMethod -->
        <test-method status="PASS" signature="testTwo()[pri:0, instance:testngclass.pckg.TestngDemoTest1@1a8a8f7c]" name="testTwo" duration-ms="2" started-at="2021-08-04T08:54:45 IST" finished-at="2021-08-04T08:54:45 IST">
          <reporter-output>
          </reporter-output>
        </test-method> <!-- testTwo -->
        <test-method status="PASS" signature="beforeMethod()[pri:0, instance:testngclass.pckg.TestngDemoTest1@1a8a8f7c]" name="beforeMethod" is-config="true" duration-ms="0" started-at="2021-08-04T08:54:45 IST" finished-at="2021-08-04T08:54:45 IST">
          <reporter-output>
          </reporter-output>
        </test-method> <!-- beforeMethod -->
        <test-method status="PASS" signature="afterMethod()[pri:0, instance:testngclass.pckg.TestngDemoTest1@1a8a8f7c]" name="afterMethod" is-config="true" duration-ms="1" started-at="2021-08-04T08:54:45 IST" finished-at="2021-08-04T08:54:45 IST">
          <reporter-output>
          </reporter-output>
        </test-method> <!-- afterMethod -->
        <test-method status="PASS" signature="afterClass()[pri:0, instance:testngclass.pckg.TestngDemoTest1@1a8a8f7c]" name="afterClass" is-config="true" duration-ms="1" started-at="2021-08-04T08:54:45 IST" finished-at="2021-08-04T08:54:45 IST">
          <reporter-output>
          </reporter-output>
        </test-method> <!-- afterClass -->
        <test-method status="PASS" signature="afterTest()[pri:0, instance:testngclass.pckg.TestngDemoTest1@1a8a8f7c]" name="afterTest" is-config="true" duration-ms="0" started-at="2021-08-04T08:54:45 IST" finished-at="2021-08-04T08:54:45 IST">
          <reporter-output>
          </reporter-output>
        </test-method> <!-- afterTest -->
        <test-method status="PASS" signature="afterSuite()[pri:0, instance:testngclass.pckg.TestngDemoTest1@1a8a8f7c]" name="afterSuite" is-config="true" duration-ms="0" started-at="2021-08-04T08:54:45 IST" finished-at="2021-08-04T08:54:45 IST">
          <reporter-output>
          </reporter-output>
        </test-method> <!-- afterSuite -->
      </class> <!-- testngclass.pckg.TestngDemoTest1 -->
    </test> <!-- Default test -->
  </suite> <!-- Default suite -->
</testng-results>
