<?xml version="1.0" encoding="UTF-8"?>
<!-- Generated by org.testng.reporters.JUnitXMLReporter -->
<testsuite hostname="TRVLHGN9NN2" ignored="0" name="edgeTest" tests="1" failures="0" timestamp="2021-08-13T23:27:16 IST" time="0.049" errors="0">
  <testcase name="@BeforeTest beforeTest" time="0.009" classname="ngtutorial.pckge.CrossBrowserParameterization1">
    <failure type="java.lang.NullPointerException">
      <![CDATA[java.lang.NullPointerException
at ngtutorial.pckge.CrossBrowserParameterization1.beforeTest(CrossBrowserParameterization1.java:47)
... Removed 24 stack frames]]>
    </failure>
  </testcase> <!-- @BeforeTest beforeTest -->
  <testcase name="@AfterTest afterTest" time="-1.628877436431E9" classname="ngtutorial.pckge.CrossBrowserParameterization1">
    <skipped/>
  </testcase> <!-- @AfterTest afterTest -->
  <testcase name="verifyLogin" time="0.0" classname="ngtutorial.pckge.CrossBrowserParameterization1">
    <skipped/>
  </testcase> <!-- verifyLogin -->
</testsuite> <!-- edgeTest -->
