<?xml version="1.0" encoding="UTF-8"?>
<!-- Generated by org.testng.reporters.JUnitXMLReporter -->
<testsuite hostname="TRVLHGN9NN2" ignored="0" name="Test1" tests="1" failures="1" timestamp="2021-09-01T22:35:40 IST" time="8.89" errors="0">
  <testcase name="verifyRegisterPageTest" time="0.018" classname="com.mercury.qa.pagetestcases.ResgisterPageTest">
    <failure type="java.lang.NullPointerException">
      <![CDATA[java.lang.NullPointerException
at com.mercury.qa.pages.RegisterPage.registerLogin(RegisterPage.java:38)
at com.mercury.qa.pagetestcases.ResgisterPageTest.verifyRegisterPageTest(ResgisterPageTest.java:31)
at java.util.ArrayList.forEach(ArrayList.java:1259)
at java.util.concurrent.FutureTask.run(FutureTask.java:266)
at java.util.concurrent.ThreadPoolExecutor.runWorker(ThreadPoolExecutor.java:1149)
at java.util.concurrent.ThreadPoolExecutor$Worker.run(ThreadPoolExecutor.java:624)
at java.lang.Thread.run(Thread.java:748)
... Removed 18 stack frames]]>
    </failure>
  </testcase> <!-- verifyRegisterPageTest -->
</testsuite> <!-- Test1 -->
