<?xml version="1.0" encoding="UTF-8"?>
<testng-results skipped="0" failed="0" ignored="0" total="1" passed="1">
  <reporter-output>
  </reporter-output>
  <suite name="Suite" duration-ms="46" started-at="2021-09-21T01:28:31 IST" finished-at="2021-09-21T01:28:32 IST">
    <groups>
    </groups>
    <test name="Test" duration-ms="46" started-at="2021-09-21T01:28:31 IST" finished-at="2021-09-21T01:28:32 IST">
      <class name="exceltutorial.ParallelTesting">
        <test-method status="PASS" signature="f()[pri:0, instance:exceltutorial.ParallelTesting@1b68ddbd]" name="f" duration-ms="7" started-at="2021-09-21T01:28:32 IST" finished-at="2021-09-21T01:28:32 IST">
          <reporter-output>
          </reporter-output>
        </test-method> <!-- f -->
      </class> <!-- exceltutorial.ParallelTesting -->
    </test> <!-- Test -->
  </suite> <!-- Suite -->
</testng-results>
