<?xml version="1.0" encoding="UTF-8"?>
<!-- Generated by org.testng.reporters.JUnitXMLReporter -->
<testsuite hostname="TRVLHGN9NN2" ignored="0" name="Default test" tests="3" failures="0" timestamp="2021-08-04T08:54:45 IST" time="0.042" errors="0">
  <testcase name="f" time="0.006" classname="testngclass.pckg.TestngDemoTest1"/>
  <testcase name="testOne" time="0.001" classname="testngclass.pckg.TestngDemoTest1"/>
  <testcase name="testTwo" time="0.002" classname="testngclass.pckg.TestngDemoTest1"/>
</testsuite> <!-- Default test -->
