<?xml version="1.0" encoding="UTF-8"?>
<testng-results skipped="0" failed="0" ignored="0" total="1" passed="1">
  <reporter-output>
  </reporter-output>
  <suite name="Suite" duration-ms="23847" started-at="2021-09-23T16:02:38 IST" finished-at="2021-09-23T16:03:02 IST">
    <groups>
      <group name="sanity">
        <method signature="LoginPageTest.verifyLogin(java.lang.String,java.lang.String)[pri:0, instance:com.mercury.qa.pagetestcases.LoginPageTest@57c758ac]" name="verifyLogin" class="com.mercury.qa.pagetestcases.LoginPageTest"/>
      </group> <!-- sanity -->
    </groups>
    <test name="Test2" duration-ms="23847" started-at="2021-09-23T16:02:38 IST" finished-at="2021-09-23T16:03:02 IST">
      <class name="com.mercury.qa.pagetestcases.LoginPageTest">
        <test-method status="PASS" signature="browserSetup(java.lang.String)[pri:0, instance:com.mercury.qa.pagetestcases.LoginPageTest@57c758ac]" name="browserSetup" is-config="true" duration-ms="9278" started-at="2021-09-23T16:02:38 IST" finished-at="2021-09-23T16:02:48 IST">
          <params>
            <param index="0">
              <value>
                <![CDATA[chrome]]>
              </value>
            </param>
          </params>
          <reporter-output>
          </reporter-output>
        </test-method> <!-- browserSetup -->
        <test-method status="PASS" signature="openBrower()[pri:0, instance:com.mercury.qa.pagetestcases.LoginPageTest@57c758ac]" name="openBrower" is-config="true" duration-ms="1869" started-at="2021-09-23T16:02:48 IST" finished-at="2021-09-23T16:02:50 IST">
          <reporter-output>
          </reporter-output>
        </test-method> <!-- openBrower -->
        <test-method status="PASS" signature="verifyLogin(java.lang.String,java.lang.String)[pri:0, instance:com.mercury.qa.pagetestcases.LoginPageTest@57c758ac]" name="verifyLogin" duration-ms="9789" started-at="2021-09-23T16:02:50 IST" data-provider="userlogin" finished-at="2021-09-23T16:03:00 IST">
          <params>
            <param index="0">
              <value>
                <![CDATA[Tutorial]]>
              </value>
            </param>
            <param index="1">
              <value>
                <![CDATA[Tutorial]]>
              </value>
            </param>
          </params>
          <reporter-output>
          </reporter-output>
        </test-method> <!-- verifyLogin -->
        <test-method status="PASS" signature="afterMehod(org.testng.ITestResult)[pri:0, instance:com.mercury.qa.pagetestcases.LoginPageTest@57c758ac]" name="afterMehod" is-config="true" duration-ms="2002" started-at="2021-09-23T16:03:00 IST" finished-at="2021-09-23T16:03:02 IST">
          <params>
            <param index="0">
              <value>
                <![CDATA[[TestResult name=verifyLogin status=SUCCESS method=LoginPageTest.verifyLogin(java.lang.String,java.lang.String)[pri:0, instance:com.mercury.qa.pagetestcases.LoginPageTest@57c758ac] output={null}]]]>
              </value>
            </param>
          </params>
          <reporter-output>
          </reporter-output>
        </test-method> <!-- afterMehod -->
        <test-method status="PASS" signature="closeBrowser()[pri:0, instance:com.mercury.qa.pagetestcases.LoginPageTest@57c758ac]" name="closeBrowser" is-config="true" duration-ms="123" started-at="2021-09-23T16:03:02 IST" finished-at="2021-09-23T16:03:02 IST">
          <reporter-output>
          </reporter-output>
        </test-method> <!-- closeBrowser -->
      </class> <!-- com.mercury.qa.pagetestcases.LoginPageTest -->
    </test> <!-- Test2 -->
  </suite> <!-- Suite -->
</testng-results>
