<?xml version="1.0" encoding="UTF-8"?>
<testng-results skipped="0" failed="0" ignored="0" total="4" passed="4">
  <reporter-output>
  </reporter-output>
  <suite name="Suite" duration-ms="25865" started-at="2021-09-01T01:31:33 IST" finished-at="2021-09-01T01:31:59 IST">
    <groups>
    </groups>
    <test name="Test1" duration-ms="12003" started-at="2021-09-01T01:31:33 IST" finished-at="2021-09-01T01:31:45 IST">
      <class name="com.mercury.pagetestcases.LoginPageTest">
        <test-method status="PASS" signature="browserSetup(java.lang.String)[pri:0, instance:com.mercury.pagetestcases.LoginPageTest@cb51256]" name="browserSetup" is-config="true" duration-ms="6011" started-at="2021-09-01T01:31:33 IST" finished-at="2021-09-01T01:31:39 IST">
          <params>
            <param index="0">
              <value>
                <![CDATA[chrome]]>
              </value>
            </param>
          </params>
          <reporter-output>
          </reporter-output>
        </test-method> <!-- browserSetup -->
        <test-method status="PASS" signature="verifyLogin(java.lang.String,java.lang.String)[pri:0, instance:com.mercury.pagetestcases.LoginPageTest@cb51256]" name="verifyLogin" duration-ms="1826" started-at="2021-09-01T01:31:39 IST" data-provider="userlogin" finished-at="2021-09-01T01:31:41 IST">
          <params>
            <param index="0">
              <value>
                <![CDATA[tutorial]]>
              </value>
            </param>
            <param index="1">
              <value>
                <![CDATA[tutorial]]>
              </value>
            </param>
          </params>
          <reporter-output>
          </reporter-output>
        </test-method> <!-- verifyLogin -->
        <test-method status="PASS" signature="afterMethod()[pri:0, instance:com.mercury.pagetestcases.LoginPageTest@cb51256]" name="afterMethod" is-config="true" duration-ms="828" started-at="2021-09-01T01:31:41 IST" finished-at="2021-09-01T01:31:42 IST">
          <reporter-output>
          </reporter-output>
        </test-method> <!-- afterMethod -->
        <test-method status="PASS" signature="verifyLogin(java.lang.String,java.lang.String)[pri:0, instance:com.mercury.pagetestcases.LoginPageTest@cb51256]" name="verifyLogin" duration-ms="1731" started-at="2021-09-01T01:31:42 IST" data-provider="userlogin" finished-at="2021-09-01T01:31:44 IST">
          <params>
            <param index="0">
              <value>
                <![CDATA[]]>
              </value>
            </param>
            <param index="1">
              <value>
                <![CDATA[]]>
              </value>
            </param>
          </params>
          <reporter-output>
          </reporter-output>
        </test-method> <!-- verifyLogin -->
        <test-method status="PASS" signature="afterMethod()[pri:0, instance:com.mercury.pagetestcases.LoginPageTest@cb51256]" name="afterMethod" is-config="true" duration-ms="863" started-at="2021-09-01T01:31:44 IST" finished-at="2021-09-01T01:31:45 IST">
          <reporter-output>
          </reporter-output>
        </test-method> <!-- afterMethod -->
        <test-method status="PASS" signature="closeBrowser()[pri:0, instance:com.mercury.pagetestcases.LoginPageTest@cb51256]" name="closeBrowser" is-config="true" duration-ms="145" started-at="2021-09-01T01:31:45 IST" finished-at="2021-09-01T01:31:45 IST">
          <reporter-output>
          </reporter-output>
        </test-method> <!-- closeBrowser -->
      </class> <!-- com.mercury.pagetestcases.LoginPageTest -->
    </test> <!-- Test1 -->
    <test name="Test2" duration-ms="13821" started-at="2021-09-01T01:31:45 IST" finished-at="2021-09-01T01:31:59 IST">
      <class name="com.mercury.pagetestcases.LoginPageTest">
        <test-method status="PASS" signature="browserSetup(java.lang.String)[pri:0, instance:com.mercury.pagetestcases.LoginPageTest@7a30d1e6]" name="browserSetup" is-config="true" duration-ms="7875" started-at="2021-09-01T01:31:45 IST" finished-at="2021-09-01T01:31:53 IST">
          <params>
            <param index="0">
              <value>
                <![CDATA[Firefox]]>
              </value>
            </param>
          </params>
          <reporter-output>
          </reporter-output>
        </test-method> <!-- browserSetup -->
        <test-method status="PASS" signature="verifyLogin(java.lang.String,java.lang.String)[pri:0, instance:com.mercury.pagetestcases.LoginPageTest@7a30d1e6]" name="verifyLogin" duration-ms="2012" started-at="2021-09-01T01:31:53 IST" data-provider="userlogin" finished-at="2021-09-01T01:31:55 IST">
          <params>
            <param index="0">
              <value>
                <![CDATA[tutorial]]>
              </value>
            </param>
            <param index="1">
              <value>
                <![CDATA[tutorial]]>
              </value>
            </param>
          </params>
          <reporter-output>
          </reporter-output>
        </test-method> <!-- verifyLogin -->
        <test-method status="PASS" signature="afterMethod()[pri:0, instance:com.mercury.pagetestcases.LoginPageTest@7a30d1e6]" name="afterMethod" is-config="true" duration-ms="849" started-at="2021-09-01T01:31:55 IST" finished-at="2021-09-01T01:31:56 IST">
          <reporter-output>
          </reporter-output>
        </test-method> <!-- afterMethod -->
        <test-method status="PASS" signature="verifyLogin(java.lang.String,java.lang.String)[pri:0, instance:com.mercury.pagetestcases.LoginPageTest@7a30d1e6]" name="verifyLogin" duration-ms="1371" started-at="2021-09-01T01:31:56 IST" data-provider="userlogin" finished-at="2021-09-01T01:31:57 IST">
          <params>
            <param index="0">
              <value>
                <![CDATA[]]>
              </value>
            </param>
            <param index="1">
              <value>
                <![CDATA[]]>
              </value>
            </param>
          </params>
          <reporter-output>
          </reporter-output>
        </test-method> <!-- verifyLogin -->
        <test-method status="PASS" signature="afterMethod()[pri:0, instance:com.mercury.pagetestcases.LoginPageTest@7a30d1e6]" name="afterMethod" is-config="true" duration-ms="889" started-at="2021-09-01T01:31:57 IST" finished-at="2021-09-01T01:31:58 IST">
          <reporter-output>
          </reporter-output>
        </test-method> <!-- afterMethod -->
        <test-method status="PASS" signature="closeBrowser()[pri:0, instance:com.mercury.pagetestcases.LoginPageTest@7a30d1e6]" name="closeBrowser" is-config="true" duration-ms="787" started-at="2021-09-01T01:31:58 IST" finished-at="2021-09-01T01:31:59 IST">
          <reporter-output>
          </reporter-output>
        </test-method> <!-- closeBrowser -->
      </class> <!-- com.mercury.pagetestcases.LoginPageTest -->
    </test> <!-- Test2 -->
  </suite> <!-- Suite -->
</testng-results>
